-792.471 -67.3678 75.7655 -131.94 -378.318 
327.366 39.3018 1.58985 -526.048 75.755 
571.332 -388.47 227.851 -129.467 506.476 
-232.863 141.211 -87.9472 582.321 -112.407 
-700.897 323.847 -126.256 614.187 -87.5933 
47.1131 12.3049 40.313 -22.8747 -20.0574 
18.168 -6.7248 -8.92128 21.475 8.98737 
-39.9402 16.2679 -29.2393 -11.4399 -23.4641 
-6.33466 -11.0495 -1.27984 -26.9751 7.31856 
5.00109 3.34805 7.42 -47.7336 -2.02887 
-790.59 -60.3891 77.9201 -141.751 -381.965 
318.694 30.8568 3.05476 -523.994 84.7957 
578.981 -382.413 239.503 -133.605 507.807 
-237.95 154.56 -96.8166 594.404 -108.055 
-697.718 325.275 -125.138 627.832 -90.1881 
-63.1128 -8.97387 -24.04 22.9045 9.59942 
-19.3371 11.6831 0.0764145 -15.9345 0.0237471 
39.1018 -22.2952 22.4635 14.6817 19.9196 
2.11133 15.9812 2.19162 31.464 -2.07014 
-2.5428 -1.57192 7.80286 43.3271 1.64682 
1 0 0 0 0 
0 1 0 0 0 
4.44 4.44 4.44 4.44 4.44 
4.44 4.44 4.44 4.44 4.44 
4.44 4.44 4.44 4.44 4.44 
4.44 4.44 4.44 4.44 4.44 
4.44 4.44 4.44 4.44 4.44 

