-206.5 334.73 938.218 -149.887 -536.818 -1036.98 533.342 -677.203 -253.844 -422.474 
120.795 -969.435 1853.71 333.22 -471.442 -203.237 663.526 -398.273 -428.554 490.789 
-1532.2 375.618 -573.379 472.038 37.7409 199.914 -140.509 274.214 508.421 61.626 
-316.8 737.164 -580.425 408.424 737.387 5.06669 -267.1 -159.338 -326.722 938.565 
171.754 568.3 -2242.41 191.876 1307.64 1051.02 -637.013 534.72 -107.86 535.451 
1867.89 -888.151 239.029 -363.812 -424.737 -64.2333 -366.89 -465.193 907.949 -188.624 
-722.687 -63.6633 -817.396 999.172 -8.55027 652.483 28.2776 861.994 934.371 -544.665 
275.815 280.091 -138.073 328.726 527.188 -417.229 157.308 -121.629 77.4726 -333.156 
760.45 -1057.7 263.336 463.729 -235.771 1091.62 -69.2937 149.706 172.013 142.257 
-53.2909 1726.27 -213.837 -1131.33 -45.4405 -1669.07 85.4476 -1172.55 -774.952 -390.646 
7.2446 -3.72288 -9.93837 5.96757 -6.37738 31.56 2.54688 -31.6044 13.6865 32.1416 
-30.4749 2.14474 -20.6694 7.68655 67.9714 2.94381 -33.7431 -37.6664 105.336 -16.7685 
9.66721 0.0869846 70.3742 30.665 -5.94075 -15.4681 -52.9498 -90.573 -4.48586 8.21587 
-53.8935 31.1329 -32.0648 -2.9608 -30.5991 -0.861336 28.1129 7.02716 -29.2817 -7.94577 
-25.6461 -2.96359 59.6949 -77.3561 -6.8338 -18.9622 -32.9607 20.1975 27.3617 -2.88634 
-87.5213 -36.2472 2.10814 3.80785 -29.494 47.1525 43.5606 17.1908 -3.81493 -25.0685 
-5.06698 -2.97484 27.6874 44.1213 -3.87142 -74.7805 34.6096 -54.5398 -15.0338 44.6368 
-31.5047 49.7311 47.1351 -32.3578 -0.730571 8.0243 9.84038 4.86174 -74.079 8.01986 
-24.9607 -31.6813 -2.03087 39.4013 15.3984 -22.211 2.09359 7.71757 9.50792 70.8527 
32.2028 -17.023 52.8836 6.45039 -0.1841 -18.6023 10.6481 6.42406 19.0694 22.8366 
-206.999 344.77 937.424 -143.27 -536.206 -1041.78 527.291 -689.739 -253.747 -432.328 
132.594 -970.228 1851.92 341.282 -462.631 -199.644 654.694 -400.954 -428.924 487.718 
-1521.88 379.997 -576.117 461.626 51.5716 203.287 -137.492 274.288 510.694 76.4116 
-315.151 734.389 -580.078 416.8 752.962 6.05686 -251.386 -154.488 -339.162 938.399 
165.852 552.088 -2249.83 205.014 1301.97 1043.57 -620.019 542.067 -116.492 533.441 
1849.06 -880.209 244.339 -365.568 -437.253 -69.962 -365.564 -470.406 899.342 -188.077 
-729.194 -66.6871 -809.613 990.581 -2.67265 665.118 30.5787 866.556 936.566 -549.701 
264.781 267.641 -126.025 335.426 532.153 -422.919 165.663 -123.715 79.7301 -328.841 
745.239 -1044.46 267.581 465.856 -226.549 1083.69 -70.4855 158.042 165.361 146.842 
-39.3253 1724.9 -221.184 -1124.26 -46.3394 -1674.02 90.8924 -1179.7 -776.696 -399.094 
-15.0088 10.9613 7.3547 1.14621 -6.19149 -45.8096 -0.0547441 33.7859 -19.9628 -30.4986 
34.3273 -7.77904 14.4438 0.0914406 -77.3434 -0.672974 38.5377 54.4761 -86.7976 7.38636 
-3.55086 8.56474 -55.2572 -32.8027 4.7748 10.3078 36.2436 71.3763 3.06179 -7.76992 
43.0124 -27.0716 47.5757 -6.9329 31.1689 0.463227 -25.0935 -7.65047 27.494 4.38974 
29.6693 2.16077 -51.0037 72.5263 7.79272 17.1044 35.8024 -30.1967 -27.7991 -2.00499 
86.9603 26.2699 -2.58615 -0.717329 29.7745 -34.1383 -28.3943 -12.6702 -7.13263 36.6473 
11.5995 -5.31395 -28.121 -43.4373 8.11299 70.3522 -48.7641 48.7551 10.3916 -41.0355 
33.3564 -48.4611 -44.3676 20.0668 -11.1981 2.87205 0.654397 -1.58921 61.8567 -7.03243 
27.6418 36.8101 1.09862 -51.8521 -11.0502 17.9543 5.17776 1.03371 -2.2192 -85.1645 
-35.5581 23.0686 -47.7035 -8.3416 -1.70028 10.2651 2.91036 -7.734 -35.352 -11.9253 
1 0 0 0 0 0 0 0 0 0 
0 1 0 0 0 0 0 0 0 0 
0 0 1 0 0 0 0 0 0 0 
0 0 0 1 0 0 0 0 0 0 
0 0 0 0 1 0 0 0 0 0 
0 0 0 0 0 1 0 0 0 0 
0 0 0 0 0 0 1 0 0 0 
0 0 0 0 0 0 0 1 0 0 
0 0 0 0 0 0 0 0 1 0 
0 0 0 0 0 0 0 0 0 1 
0 0 0 0 0 0 0 0 0 0 
4.44 4.44 4.44 4.44 4.44 4.44 4.44 4.44 4.44 4.44 
4.44 4.44 4.44 4.44 4.44 4.44 4.44 4.44 4.44 4.44 
4.44 4.44 4.44 4.44 4.44 4.44 4.44 4.44 4.44 4.44 
4.44 4.44 4.44 4.44 4.44 4.44 4.44 4.44 4.44 4.44 
4.44 4.44 4.44 4.44 4.44 4.44 4.44 4.44 4.44 4.44 
4.44 4.44 4.44 4.44 4.44 4.44 4.44 4.44 4.44 4.44 
4.44 4.44 4.44 4.44 4.44 4.44 4.44 4.44 4.44 4.44 
4.44 4.44 4.44 4.44 4.44 4.44 4.44 4.44 4.44 4.44 
4.44 4.44 4.44 4.44 4.44 4.44 4.44 4.44 4.44 4.44 
4.44 4.44 4.44 4.44 4.44 4.44 4.44 4.44 4.44 4.44 

