2310.13 -422.128 -1318.37 -154.885 1156.16 -772.238 -1081.48 -1249.03 270.031 1374.79 -1749.85 1065.66 -2598.89 -1437.82 1137.86 -635.805 1483.47 1123.39 -1791.86 801.068 1355.63 883.981 365.504 -1053.69 805.799 414.376 1092.91 1299.34 968.624 592.962 741.319 
908.768 -524.194 -30.155 2039.31 -758.997 -2378.66 -905.179 -310.471 -2225.53 -828.871 -1473.52 -737.883 -1322.87 2606.82 -544.747 1762.6 -1157.58 -486.371 -1094.37 -2115.65 -1271.58 3282.52 -2429.14 -1016.49 1179.47 1368.36 -736.392 2591.66 2503 -494.331 1584.92 
-1216.52 786.815 1573.25 1549.04 -1323.02 -1567.39 -987.278 4.63008 204.518 -3248.47 117.764 -495.385 314.498 263.228 53.128 695.58 -672.318 479.189 -1440.22 -3076.26 -431.429 1110.53 4.6968 -714.612 -1317.93 2450.87 94.8808 615.481 2091.96 -876.266 3373.39 
833.002 1908.76 -994.131 -862.529 1473.14 -578.468 536.092 527.725 294.529 -1147.04 515.052 208.127 865.207 -226.954 873.691 -1294.06 -1989.83 -779.083 -568.381 824.852 -207.215 -897.656 -991.132 3031.05 -2020.47 -320.734 -76.3175 -2843.33 843.953 696.952 -2059.83 
-214.425 -1362.14 118.659 1311.28 -452.133 1573.58 -822.105 -429.746 881.328 -603.774 555.58 2934.09 694.544 -2319.44 -1016.03 -1046.47 1043.11 53.6437 242.232 -412.566 1342.33 793.144 2144.36 -2009.13 -182.928 -743.759 960.345 -1365.79 -793.674 671.585 -1093.78 
-967.648 647.839 319.388 364.443 -773.185 988.637 -520.78 -1302.36 1762.24 -774.524 130.013 479.016 -825.417 -2725.41 953.41 -481.127 -1150.71 159.904 1528.84 509.651 1393.42 -124.52 210.675 -684.217 774.726 -147.576 -100.628 221.491 -2220.33 900.589 1803.78 
1349.23 1774.29 -749.681 1449.46 -2672.54 1428.38 -641.653 -1602.28 298.875 -1452.84 2830.45 915.754 -530.321 -1386.49 -1203.93 516.031 762.946 -1297.24 -225.04 -1624.39 -1072.2 1018.54 -1533.31 375.522 -309.044 -1457.59 842.093 173.353 1192.76 372.237 -456.241 
-195.515 286.478 10.0953 1096.68 2093.86 1209.06 -1156.57 -1124.9 -35.1115 2161.57 -512.87 -151.901 -193.661 -1722.77 473.479 2339.66 -839.702 -417.201 3117.99 -807.789 671.52 1255.44 -532.226 294.09 2249.43 556.002 -1362.65 -1086.65 -2299.71 645.444 -2047.82 
974.667 949.266 -790.283 -1170.08 203.811 1470.16 -388.986 -1559.66 -956.256 2307.29 -191.144 1749.76 1364.25 -1500.62 460.741 1383.64 -316.039 -867.535 -525.798 -494.077 -420.039 -949.26 -2073.42 -189.041 776.938 208.18 288.385 606.012 -1068.45 943.178 394.763 
1997.21 650.252 182.852 -193.516 -752.363 383.353 -521.592 2008.85 786.94 887.064 2404.45 99.7002 -1454.85 1891.83 -19.7405 -1727.03 -1758.73 1631.02 468.48 -159.555 853.546 -1157.26 2852.04 82.0097 -1103.18 1486.84 521.141 -878.721 -1924.09 -338.983 -135.21 
-1494.65 977.702 1845.2 2459.22 -2154.66 1231.23 -1516.51 -1242.05 969.319 -1804.3 2702.47 -1044.78 -192.44 1411.7 201.391 565.725 -75.146 921.468 1794.53 -2298.2 -218.049 -1338.79 50.7824 230.442 -582.548 -196.902 -696.958 -515.885 -237.912 1793.02 814.732 
-760.714 1113.58 934.257 344.978 -1063.2 1221.19 -402.522 -1399.89 -1870.4 528.017 1046.25 384.322 174.54 -817.207 924.452 1636.19 471.706 608.012 2552.74 -2026.55 304.18 1416.61 -750.241 -116.182 101.223 973.516 -2319.85 569.513 596.001 1618.56 854.902 
1123.07 1219.66 -872.155 -1021.22 -887.556 -206.31 407.399 -1204.16 -4.81717 1116.84 117.959 130.391 -135.266 -585.084 -305.815 -1726.62 -1170.37 -239.671 -220.768 -787.06 415.196 -1220.67 -71.3999 368.299 -282.697 -467.549 1484.48 440.858 -687.534 -1494.73 1500.55 
-1803.5 -517.119 491.205 1257.21 -2719.35 834.803 -531.887 1190.26 -717.979 -2257.24 1736.36 -407.23 -258.27 1960.71 894.981 793.466 390.11 -361.982 -176.743 704.66 -1481 729.204 -361.141 339.454 735.84 655.617 -842.234 -245.35 -2564.37 -941.64 283.605 
432.096 731.02 1366.1 -133.563 -1473.39 346.319 -655.706 388.494 -869.194 1068.73 1673.63 -993.803 -389.934 -281.544 227.482 1828.4 -373.621 1051.56 -816.768 -314.439 113.061 -322.59 -806.333 -552.584 1317.75 121.192 -545.976 2249.59 -368.204 -101.235 1368.26 
-1110.09 -304.045 673.957 2417.62 -1246.1 118.66 74.5838 -203.949 -846.183 -707.399 -301.233 1724.71 122.3 463.758 1954.08 -1447.54 482.851 916.687 -436.654 -2317.36 1475.8 -1361.46 750.92 1552.86 -933.594 828.026 354.127 1137.55 -251.05 -1091.64 475.313 
-1453.71 -364.785 -1322.59 520.779 1263.5 2430.07 -478.142 -1715.34 369.844 1751.52 -425.483 592.533 -1009.06 -1921.97 337.919 1792.09 -177.964 -593.008 2121.07 -499.262 2084.92 -7.01202 2229.85 -2323.11 2105.89 2275.3 447.618 -925.595 -546.752 506.414 -2631.21 
575.875 12.3058 -761.017 -272.202 1729.9 972.105 -878.063 -2657.8 803.489 1742.61 129.664 -619.14 -599.948 -3282.48 -423.111 1092.79 -602.541 -1255.37 867.326 -1914.23 1488.75 -2084.5 1647.81 -1722.62 1488.81 -137.274 1925.4 -1224.34 226.902 -401.476 -1527.95 
-1404.94 -31.9991 1493.38 615.823 -1121.96 -1201.73 -1141.66 1318.5 231.41 -1388.92 -313.486 -595.774 729.555 2049.34 -2369.82 1915.47 760.703 -77.3886 -212.153 -602.621 152.851 1544.52 1024.84 756.14 311.004 739.967 -517.856 1996.29 478.384 324.815 -274.89 
879.977 309.825 1513.67 1384.5 956.85 -1341.09 650.025 54.8402 -578.096 -260.469 -1134.44 -1224.4 -469.839 1371.65 -535.622 -55.2833 -99.5055 747.376 250.657 -793.744 -602.876 -1035.84 -38.2525 705.438 -1593.8 -1824.71 1040.08 -802.633 1946.95 -1269.04 250.744 
-2406.91 -34.5066 -84.5007 -445.331 752.682 1208.14 -71.3056 -462.675 1431.78 -1058.74 -892.258 -1738.96 -301.691 633.884 -346.479 776.448 1193.26 801.811 1670.03 109.846 1057.59 681.118 525.279 51.2436 -1557.09 134.536 330.172 1345.18 1012.43 125.646 -279.389 
-186.877 702.878 295.156 1472.22 1020.27 -1080 -1691.96 753.682 -494.495 -726.157 1398.26 553.21 -1623.2 625.458 -865.059 -609.533 142.858 2162.24 1100.05 -1958.34 1391.43 2120.22 2632.92 360.518 -559.87 1604.74 -450.041 2232.7 -1673.63 38.3397 1774.04 
-757.569 -582.881 204.355 -970.955 2569.18 -3.88822 1444.72 205.588 -803.671 -638.076 -1154.19 -305.121 1007.43 -1416.54 611.47 -403.261 -1988.62 -335.498 -1497.15 61.9762 1653.51 -181.409 -409.269 1559.91 -1795.87 385.336 -651.122 1267.58 2919.44 1050.25 427.239 
388.685 -356.795 -1026.58 -1041.55 1120.39 1246.39 1406.42 -532.124 911.089 -442.362 295.75 -88.7626 173.242 -541.181 1761.53 -1240.91 1192.8 -525.596 308.888 -772.308 1194.19 -907.122 1807.09 95.0292 -2570.57 -239.772 1015.29 -1372.01 416.668 -173.103 -2837.26 
484.407 -2444.22 286.373 1882.67 -1273.22 -67.825 -1540.47 1267.43 1146.24 -1952.87 -220.002 2510.69 -791.932 551.411 -2969.23 61.232 -341.239 -730.09 358.827 -3438.52 -20.2584 1917.42 2241.46 -3203.2 1456.52 649.057 -702.411 -570.224 -75.231 -800.657 1046.26 
2512.6 -880.233 -1323.19 -1398.63 684.314 -113.032 875.52 1614.9 -177.652 952.704 -1770.15 1752.44 1258.54 -1135.53 -1151.98 -828.195 1182.25 -1875.74 219.106 611.532 -1096.39 1583.1 694.208 -346.993 1071.65 -1545.3 -349.536 -1483.08 -1096.44 -2164.52 -2808.09 
995.753 1016.29 -593.656 -710.827 -366.113 -851.995 -402.324 218.799 -176.069 1228.99 -882.932 -916.764 48.4295 -473.154 1603.94 -367.053 -973.825 269.229 -1857.95 1526.99 -113.31 287.114 -2057.35 897.996 1646.27 431.062 -106.455 -414.47 472.136 -1251.39 -832.614 
-122.666 196.5 -2043.63 1227.7 -949.001 128.507 1077.84 -298.051 -373.905 2102.69 -318.176 314.569 -2422.64 1134.3 984.817 -1399.71 369.768 -1222.78 581.032 537.857 728.094 631.874 569.503 1077.36 201.608 503.211 328.309 341.057 -1360.35 -1482.07 -1517.15 
1749.15 1819.11 -279.183 -310.063 -1742.36 -1517.63 -986.46 -782.112 -313.115 2100.89 390.008 -1431.62 -2485.32 633.664 -535.722 -6.60954 -1338.65 -859.374 183.601 -884.348 748.436 663.87 -2178.62 3029.48 295.112 -1387.7 -1570.47 939.11 -650.372 1.8036 299.681 
-1353.37 85.0145 2226.09 -566.795 -1858.04 -1413.78 13.9378 -598.495 -786.141 -612.531 22.9763 -33.5673 -620.545 619.996 -1568.14 65.5664 -1778.91 1298.47 -187.893 558.602 1519.88 -1950 -33.7975 -109.798 -448.199 -991.169 177.281 -663.052 1154.87 1541.53 2174.63 
790.758 1269.94 843.213 -2283.26 979.562 -2204.52 -979.503 419.524 -1502.62 -1141.85 112.127 -1000.49 703.951 -1005.12 404.621 -409.07 -2256.84 1047.11 -2196.57 1366.99 -375.662 -40.3053 -1182.26 2008.21 -915.821 594.945 -378.982 -2040.5 2012.21 187.22 2965.26 
43.688 -55.6166 3.16405 -26.1307 -27.5679 64.9142 21.1118 43.3938 -1.65676 -88.0143 -3.49917 11.524 -12.3897 -2.89132 48.4879 8.1057 9.35575 42.8515 47.6969 51.9689 -24.0276 23.7938 -27.247 20.0686 -12.9896 57.2572 -5.40798 -42.1855 33.7443 26.7991 1.08008 
30.2112 -14.1445 3.4669 -105.903 19.225 -80.0435 45.9112 6.99609 32.3786 46.5108 9.73382 2.04197 -93.1287 -48.3378 24.2987 31.3858 39.5588 -3.3216 62.4774 -11.481 15.5346 -40.029 -63.501 -35.1215 -17.1611 -0.823903 -57.0977 6.95643 19.2789 1.69437 2.13625 
5.36106 -1.95828 -12.8568 -83.2199 -39.305 -54.1195 10.7509 -17.7172 0.40145 18.3845 32.0046 -71.4124 8.07732 -26.0694 -22.2393 -39.3084 3.51211 -12.5241 -53.4638 7.8607 30.3764 -68.3453 57.0572 35.4702 -5.17698 -16.7378 -10.0382 -19.1272 -0.0474815 -31.4133 -7.99362 
21.5696 56.2177 29.4693 8.30499 -13.8306 3.93686 15.649 53.491 14.5059 6.04865 -15.8839 -21.6654 -17.1489 -43.0557 12.2287 13.5857 -1.72632 6.66179 -21.0173 -47.3227 55.6954 103.272 -14.4262 18.1723 -21.485 -31.633 -29.0384 17.5485 36.9114 1.4808 60.0375 
-23.0362 34.6631 -1.89038 2.25607 4.06942 -0.991564 3.56618 19.7361 -39.5397 -1.4205 -28.4792 15.6001 -29.4963 2.35072 -5.82676 44.5336 -22.0705 0.530374 -28.2653 -25.2278 -47.9724 2.2818 49.8963 12.1566 -9.13791 -3.17822 8.85928 4.70239 -19.1196 68.8718 14.9655 
-33.0342 8.27301 13.5902 16.9638 -11.9583 36.7213 -16.3219 -43.7304 1.06183 22.519 -4.80628 -2.38857 -55.4565 49.6872 -0.75395 -20.1467 -22.013 18.605 -80.1762 -16.0944 -11.0779 -42.7199 6.64277 0.33704 18.4177 -56.1784 15.4986 -30.2879 31.9226 -3.89396 -75.1508 
23.44 13.5393 -13.7284 -12.006 -55.5053 -4.67545 55.8669 -9.75953 -11.3263 -28.3937 -16.9982 31.7799 3.46207 6.05547 -65.1487 29.9721 20.472 12.5361 10.3378 -2.29953 38.2117 23.4655 -53.0477 -3.44097 -44.7252 8.92879 14.0583 -15.7759 3.45017 -22.9631 -21.1934 
-67.0017 5.84324 10.9949 77.5016 -0.397017 -41.8656 -3.46351 -18.1205 -11.1143 -57.872 36.4308 22.7526 43.0984 10.3494 -44.4315 2.93935 -49.6319 3.21529 4.50064 11.5603 -1.09003 -33.1882 -4.69847 27.1249 75.3704 27.2186 8.94178 -53.1265 -5.91417 -11.5292 -7.27802 
-2.95737 -6.6325 9.27974 -7.96227 72.4924 35.2857 -10.3465 -49.5437 -8.09706 17.4886 -2.18328 -23.7951 70.6596 -38.0199 -11.9666 33.8615 -32.1268 71.1946 2.24404 -41.3211 4.97065 -2.51615 -50.2436 10.67 7.57519 -38.8726 3.21162 74.085 -4.53852 -3.60997 -40.8775 
52.6806 -5.10969 -58.8624 19.4746 -29.6373 91.7225 38.7544 6.26987 6.76295 -45.6847 7.90884 -40.9844 -10.6257 -52.6915 -23.7945 -58.2712 45.5319 -11.0983 5.60792 -12.9412 0.171519 -20.3394 23.4457 -26.6083 54.6765 -14.0407 -9.33521 -14.7099 8.04486 -54.8708 1.16693 
-20.324 -42.3533 -0.795122 40.3268 86.843 -39.037 -28.3484 -23.0154 25.4346 -3.49027 -78.2597 14.6586 -46.8495 -3.17431 10.1195 -58.6109 -5.14837 -61.9423 1.26461 29.2027 -70.0892 12.8613 75.5509 -41.0342 -2.20694 -37.1441 18.3745 26.3301 -99.8553 4.08658 75.3711 
4.21087 -31.6162 2.04399 -21.4454 16.9808 -6.9668 -23.1795 44.2008 14.6542 -2.317 -71.117 -23.0168 -29.7956 29.0951 -57.0447 24.5655 -34.4064 4.73431 17.8179 9.72574 -19.2405 27.7573 -62.9922 -18.3129 -39.1705 -28.0816 -1.22656 6.55998 -21.0497 26.3037 -14.8987 
-2.96225 -19.8119 -12.6246 -37.0597 23.9181 -4.21399 -12.469 17.534 -16.782 -42.0489 -8.52254 -61.667 -22.3531 -43.1078 9.71638 8.84365 38.2525 -3.65212 -20.1357 -48.7756 -3.86822 2.72198 -22.8605 -12.0313 59.438 11.4736 -19.3729 31.6167 5.76767 32.4099 17.5367 
-23.7579 -61.1182 -39.2028 78.5349 -45.927 10.7228 -6.85999 -54.3688 -9.42641 29.9214 1.77336 58.3307 5.83354 32.5747 -76.0169 -46.0494 -37.1754 7.31326 -6.64531 67.3614 29.9063 -70.9988 20.5305 -0.691767 -2.60121 61.1058 34.1191 -42.1108 8.25309 24.3909 -21.0665 
29.5693 18.2135 13.0813 -5.92508 66.8162 -21.9119 -9.29876 13.7045 -16.2166 65.3188 -58.2222 6.06948 42.3116 -52.4346 2.12616 41.4761 -4.06947 -10.4724 -26.2524 20.6073 -7.50414 9.91412 46.6137 -26.7947 17.7851 -17.1127 23.0008 -10.0243 -44.4141 4.59144 44.9088 
4.54761 67.4794 51.0427 -7.18599 -7.94061 81.0478 12.627 10.5608 -105.219 7.77484 -55.8732 24.4006 35.6584 35.7639 1.51269 -10.1763 5.79669 21.9023 12.5038 24.4436 87.6192 0.0229105 46.2252 45.9717 24.5501 4.17345 -3.46526 -1.37104 28.2982 -73.5516 18.3262 
-64.4269 -17.9057 37.3842 32.7318 21.671 6.67545 19.5056 9.33648 -27.6045 1.78848 -12.4491 -25.8263 -0.211143 63.7136 -3.84401 11.4281 -1.93111 -10.6196 14.8842 14.3248 -40.9789 -11.8263 -17.5293 13.8002 -25.0013 -9.79109 -25.7977 -11.1554 33.6945 -5.82961 -16.5755 
2.71659 25.5973 79.5319 17.4051 8.188 1.72622 28.3936 -70.2178 -0.670288 31.7454 9.59682 13.5279 11.7393 -7.48655 65.8144 -53.966 -20.054 9.74399 19.8654 19.72 25.7909 -31.2259 -25.3799 6.14331 7.25067 3.22412 -5.79741 22.0863 -11.048 -50.4954 -1.92458 
18.1959 -26.5746 8.33987 -12.7633 -66.3056 -5.81512 51.9288 18.1914 9.18882 -5.7775 -57.6904 51.4478 1.08993 72.9084 40.8532 2.04552 35.0556 -8.7676 37.5509 7.64663 5.76315 70.9708 -34.2559 9.94802 -11.9745 -7.8524 25.1299 -1.27779 28.7032 -63.2759 -15.5692 
8.45427 57.9372 -20.0536 -17.6938 7.86169 -9.93501 10.0522 20.6653 -1.80562 13.3225 -27.5794 37.3189 -40.0739 56.5407 -30.023 34.4595 -3.95872 -9.01539 9.38377 -35.8209 -39.3547 -30.5177 24.6766 -5.38387 -2.55054 -25.4808 -17.3104 64.5025 3.2919 33.6113 40.2115 
36.1272 -25.8825 20.5652 9.94098 -15.2751 38.9668 10.049 -4.46312 -4.98934 59.7662 13.4042 -14.6481 10.5491 -24.9802 15.5571 12.8885 10.1869 -81.9113 45.9975 42.2649 -34.9198 16.5484 -1.05092 36.9422 -5.19625 12.1105 62.6705 -84.9884 26.7974 73.5514 42.5639 
-48.5078 69.6813 11.4355 -65.6344 40.6058 -1.61662 -7.23822 -13.9324 33.7529 -0.255192 -33.0268 -10.9988 25.9867 14.3439 -7.06494 -0.218886 5.03684 -0.374857 -17.8262 44.2982 1.79287 -82.817 2.62691 1.88913 32.2683 29.1713 40.9627 -40.7755 14.4313 -19.3703 95.5316 
-84.3102 -25.0498 4.19238 58.3578 -13.2024 17.0641 -55.3025 58.4752 5.74222 -4.33124 1.9 8.76389 -38.0336 -1.13136 10.2231 10.0431 -76.362 37.2974 21.8901 -12.4152 2.90114 -31.2396 -16.7932 -40.3877 9.9694 28.2131 19.2189 -61.5524 18.3497 22.8268 7.08321 
40.7434 0.164578 3.846 36.1521 -19.0919 -40.079 26.1351 -5.33721 51.8794 27.5561 -18.2621 52.4099 44.2677 -3.59293 -47.9876 -0.0906906 58.8875 -2.26181 12.4845 -46.7859 -7.30007 46.8335 54.4973 4.80891 41.0398 -7.81962 46.6034 -50.1187 -20.1968 79.7013 -55.1366 
28.9788 11.1207 9.19498 -38.2763 -30.2317 56.0238 30.9249 2.41425 -38.2807 38.2639 -16.0853 25.056 -88.8578 -45.1452 -34.7158 76.5981 22.9652 11.5791 18.0378 15.769 16.5773 -17.4565 -31.0218 -18.204 -22.14 -3.12519 11.6088 73.1362 -24.1766 -51.4343 -75.7056 
-8.50766 5.92309 16.7669 14.9558 55.6015 19.8976 36.5429 9.3833 50.508 82.5247 -38.2965 -48.5558 -0.845704 -23.1745 0.607261 -9.5519 25.432 -6.26562 3.94951 24.1 20.7151 -20.058 -20.6143 -0.560555 -5.86566 11.7223 -73.4992 14.7545 76.1221 40.1606 -4.40586 
10.9857 -2.20382 -40.6278 -14.1691 7.33109 -21.9801 -64.3889 -26.2996 -3.02933 28.5943 -22.1663 -26.428 63.3024 77.4942 55.0595 -26.9432 -16.9229 -2.19487 19.2882 -60.0043 60.4858 -8.68317 4.2474 38.6972 -19.955 23.0651 -12.0603 43.4958 -8.62965 34.996 44.1784 
10.2832 17.2548 34.6404 6.4626 -16.1146 -71.4605 4.74523 -18.0768 25.0908 -60.1405 26.4557 46.0948 48.9383 72.7194 1.64498 -55.6955 -2.65941 20.6526 2.56383 30.2541 45.7878 -44.4541 -27.2116 -17.3906 24.4756 27.1569 -2.19471 64.3751 -9.00223 -46.5893 42.6126 
-34.6311 -13.3793 -26.0314 -71.0942 -26.6334 4.19296 -19.0173 -12.5597 -34.1471 11.7739 46.8461 -11.5306 -12.6119 -15.5791 65.3465 22.0794 -22.8404 -6.80561 42.0861 -63.7775 -29.4783 48.4311 78.3206 -79.4565 2.16567 -21.7958 -0.447314 -6.95872 12.9846 -16.2893 22.1111 
16.9043 2.50255 -58.3853 -9.03368 -56.5833 -7.80582 -17.0693 60.7913 4.95753 13.6741 -78.0084 -11.5452 58.6223 50.6995 7.63846 28.917 -10.4911 15.4215 10.8649 0.6921 9.29773 -21.8724 -59.6294 25.1115 -37.8197 -75.8892 -32.5645 3.92674 38.8704 1.22395 -64.6492 
14.3885 -25.7085 -10.2994 -7.2856 1.72053 -53.6031 -15.3118 20.2019 23.424 2.28903 62.0165 20.8456 68.295 18.6293 -30.3864 43.9305 -45.5987 -6.16333 3.94225 68.8696 -3.26611 -17.8266 -32.5067 -15.3551 -1.29199 3.4005 -27.2725 52.0428 64.0667 -10.2403 -38.6 
2308.77 -438.789 -1308.48 -142.921 1168.78 -771.701 -1073.3 -1236.27 272.527 1390.52 -1752.41 1074.28 -2594.09 -1441.1 1133.54 -642.361 1487.93 1113.24 -1803.83 786.277 1352.69 894.983 380.617 -1042.09 804.555 401.615 1089.94 1305.53 952.575 588.198 743.112 
906.043 -515.597 -31.8765 2041.67 -749.887 -2375.93 -911.714 -316.554 -2221.43 -821.946 -1467.06 -730.168 -1324.37 2622.85 -543.421 1751.55 -1156.48 -487.731 -1094.01 -2123.5 -1264.68 3298.44 -2435.13 -997.203 1192.05 1365.58 -751.584 2579.45 2491.86 -496.204 1586.88 
-1214.84 794.933 1565.02 1549.64 -1333.28 -1581.93 -993.839 8.92306 207.318 -3245.68 129.515 -481.513 324.033 261.455 45.5821 681.448 -660.458 493.628 -1430.87 -3071.96 -428.844 1116.6 -5.7306 -720.961 -1308.07 2451.52 86.7875 614.786 2090.2 -858.607 3369.65 
834.012 1925.53 -983.34 -870.391 1478.27 -574.148 546.207 527.825 303.256 -1139.73 517.315 217.417 868.96 -209.623 878.978 -1282.9 -1977.5 -771.819 -569.848 822.499 -220.14 -898.276 -996.733 3023.98 -2020.72 -319.926 -86.9155 -2836.4 844.013 702.497 -2063.48 
-204.12 -1376.16 111.273 1308.69 -445.807 1566.01 -822.136 -432.577 895.308 -595.482 549.152 2928.29 704.131 -2329.62 -1008.09 -1046.37 1053.46 55.8203 259.158 -407.339 1336.36 787.696 2153.07 -2003.75 -189.071 -742.512 967.566 -1371.4 -798.279 654.207 -1094.57 
-957.547 656.908 317.01 360.001 -780.229 990.714 -533.865 -1291.44 1772.84 -788.928 121.723 479.369 -832.651 -2733.25 954.199 -470.865 -1157.61 159.801 1540.31 502.739 1393.87 -119.15 216.47 -685.654 765.909 -143.566 -90.1559 235.576 -2207.21 897.646 1789.05 
1336.13 1789.37 -749.08 1448.97 -2668.57 1425.38 -644.944 -1606.83 292.302 -1456.54 2824.71 920.453 -524.375 -1381.3 -1194.37 518.333 760.633 -1304.92 -218.299 -1630.12 -1077.44 1019.52 -1517.09 366.41 -301.028 -1452.54 845.658 179.942 1197.41 363.26 -460.922 
-192.314 283.785 9.55098 1093.34 2088.2 1224.37 -1157.64 -1133.28 -28.3567 2168.97 -518.193 -165.622 -195.951 -1728.01 480.778 2335.16 -834.414 -398.048 3125.13 -803.345 670.722 1255.67 -533.802 296.977 2240.48 543.195 -1360.95 -1085.16 -2300.53 657.562 -2043.27 
976.988 943.544 -797.806 -1173.75 202.94 1468.62 -396.387 -1541.19 -947.945 2307.02 -205.642 1753.9 1357.96 -1497.34 463.28 1397.58 -313.187 -864.712 -522.507 -501.118 -412.837 -950.347 -2066.83 -172.564 777.32 221.835 291.523 599.264 -1074.37 947.452 393.2 
1999.9 636.181 195.903 -199.121 -744.894 399.091 -507.054 2009.64 786.014 872.762 2410.21 105.881 -1465.54 1886.97 -21.1713 -1721.08 -1752.23 1622.52 474.039 -167.745 867.576 -1147.55 2863.92 78.163 -1115.37 1476.05 524.393 -891.12 -1925.07 -331.759 -131.706 
-1511.36 983.687 1837.7 2443.67 -2139.67 1229.5 -1518.96 -1233.36 975.883 -1807.35 2720.48 -1032.37 -200.332 1404.07 207.939 582.306 -79.3347 925.742 1796.82 -2292.25 -212.767 -1330.24 43.0914 217.676 -589.111 -201.53 -709.236 -515.817 -223.839 1799.99 798.457 
-767.206 1122.28 944.151 356.494 -1068.75 1217.65 -412.466 -1389.25 -1865.26 540.011 1053.85 374.912 173.576 -815.382 931.393 1639.7 460.455 594.799 2567.31 -2030.03 302.749 1421.02 -753.73 -127.695 88.0265 961.266 -2311.93 575.153 611.292 1613.15 856.448 
1121.87 1225.47 -869.847 -1024.21 -886.604 -221.711 402.517 -1202.76 7.34309 1109.2 106.429 132.273 -147.349 -586.762 -297.414 -1727.23 -1177.4 -237.652 -219.79 -791.837 409.15 -1221.13 -63.9113 358.278 -266.852 -460.581 1493.36 425.777 -691.842 -1481.32 1505.32 
-1819.23 -503.712 487.275 1255.91 -2723.42 847.088 -542 1173.31 -718.13 -2273.69 1730.88 -410.674 -251.728 1964.95 878.226 791.39 386.364 -354.684 -188.619 719.992 -1480.79 733.973 -368.535 333.903 724.941 638.544 -856.856 -249.804 -2558.27 -926.547 279.505 
431.442 737.358 1352.38 -136.228 -1473.2 347.13 -641.34 400.915 -872.624 1055.19 1673.77 -982.275 -399.044 -296.515 226.18 1813.01 -377.017 1040.85 -808.88 -307.972 105.879 -318.497 -802.908 -537.64 1315.34 116.076 -545.389 2253.45 -369.8 -98.6521 1367.43 
-1106.67 -285.762 672.809 2416.2 -1253.01 115.626 72.6427 -197.163 -842.426 -701.862 -287.104 1723.86 124.76 474.137 1959.09 -1453.8 481.966 926.322 -441.64 -2315.43 1474.78 -1351.88 741.724 1563.28 -949.103 826.281 356.419 1142.65 -249.356 -1077.87 474.243 
-1442.83 -358.012 -1328.4 513.266 1261.64 2432.74 -480.641 -1708.59 364.782 1752.37 -433.209 582.194 -1008.14 -1904.52 334.254 1795.34 -173.057 -595.567 2117.88 -492.605 2091.3 -3.04566 2242.35 -2334.9 2091.27 2265.72 460.014 -929.393 -544.541 493.552 -2630.64 
579.205 3.74483 -768.455 -280.282 1724.8 968.448 -866.185 -2651.47 812.673 1747.64 139.223 -616.125 -607.815 -3284.16 -416.647 1093.99 -600.321 -1252.84 866.021 -1911.41 1503.09 -2077.69 1654.03 -1731.65 1481.96 -137.299 1929 -1226.18 224.173 -404.823 -1529.55 
-1394.74 -24.3415 1497.75 614.994 -1111.27 -1189.31 -1155.21 1309.61 227.94 -1381.82 -306.152 -605.103 719.485 2058.63 -2374.91 1916.81 760.593 -63.1809 -208.272 -592.529 162.03 1540.38 1030.21 754.753 308.401 740.757 -508.265 1999.06 487.293 325.053 -272.648 
887.363 318.67 1525.72 1377.91 962.927 -1349.41 653.368 41.2448 -583.12 -265.876 -1138.2 -1222.71 -470.726 1355.32 -535.571 -57.4021 -99.4166 748.802 241.382 -807.124 -606.494 -1038.03 -35.2325 706.318 -1603.22 -1816.96 1030.83 -806.516 1941.33 -1281.86 265.304 
-2391.57 -37.8932 -78.7906 -437.92 749.841 1198.28 -73.1463 -472.029 1434.75 -1064.54 -879.919 -1740.43 -302.95 638.383 -345.534 782.883 1195.15 808.116 1666.08 120.483 1069.66 674.672 524.265 64.0316 -1563.63 136.934 345.544 1361.02 1016.63 117.113 -292.476 
-186.995 698.341 308.842 1487.91 1037.45 -1082.38 -1699.29 753.287 -490.517 -720.253 1402.6 538.582 -1622.14 633.734 -871.96 -609.193 143.148 2174.78 1116.22 -1947.91 1392.51 2138.38 2622.53 368.14 -552.081 1585.2 -460.386 2243.25 -1678.46 28.1191 1774.25 
-743.819 -587.107 207.766 -956.677 2561.57 -7.54355 1457.88 194.728 -796.13 -641.816 -1145.58 -316.455 1022.76 -1412.97 611.698 -405.118 -1973.31 -339.422 -1486.53 71.8622 1654.79 -187.481 -398.095 1558.84 -1795.44 392.481 -645.144 1267.87 2928.79 1048.53 424.907 
378.577 -352.663 -1021.73 -1025.02 1133.09 1238.47 1413.5 -536.616 904.032 -451.316 286.952 -84.6311 169.989 -541.858 1772.6 -1249.73 1207.16 -527.554 308.572 -767.041 1188.54 -917.087 1815.69 86.9923 -2580.3 -240.271 1017.04 -1364.01 419.36 -171.598 -2849.56 
470.818 -2445.02 284.777 1881.14 -1284.51 -49.8276 -1537.79 1284.06 1156.42 -1938.13 -217.831 2507.39 -792.693 548.799 -2983.06 74.4707 -340.899 -723.267 361.705 -3435.18 -16.9628 1929.94 2233.64 -3200.15 1469.35 647.593 -698.025 -569.888 -71.8621 -818.047 1063.09 
2518.69 -874.664 -1314.47 -1386.52 675.028 -98.0213 874.133 1622.08 -173.815 957.082 -1769.08 1738.93 1254.76 -1130.35 -1155.42 -824.386 1182.09 -1878.54 215.717 618.503 -1094.62 1583.5 696.622 -355.921 1071.07 -1553.2 -339.871 -1487.72 -1114.15 -2162.63 -2804.94 
1002.51 1007.31 -603.672 -718.66 -374.382 -854.58 -392.653 212.204 -175.118 1218.04 -882.244 -907.824 47.9161 -457.223 1598.67 -372.842 -966.584 267.978 -1869.55 1512.12 -129.58 285.855 -2047.68 898.964 1648.73 431.593 -99.1902 -413.019 463.741 -1252.58 -830.013 
-115.018 201.294 -2030.85 1232.2 -955.805 142.393 1082.78 -298.281 -372.824 2090.3 -314.935 302.703 -2411.34 1152.79 985.625 -1402.81 368.477 -1224.34 569.5 539.966 733.769 647.783 570.08 1093.36 209.493 498.817 321.309 341.664 -1348.73 -1471.92 -1533.49 
1749.56 1824.07 -276.914 -299.208 -1744.7 -1524.68 -983.35 -787.015 -321.458 2098.6 392.111 -1425.96 -2487.87 644.432 -521.141 -7.18246 -1328.49 -863.818 168.148 -897.86 761.542 663.889 -2195.73 3031.29 306.186 -1381.6 -1577.66 946.238 -651.768 6.02815 302.646 
-1357.52 78.4949 2235.95 -577.208 -1858.71 -1424.3 5.10987 -597.896 -784.949 -607.955 26.9912 -21.3005 -633.241 610.915 -1569.8 67.7059 -1781.28 1285.13 -179.913 563.935 1537.57 -1959.62 -48.8725 -103.66 -458.244 -977.508 166.066 -653.061 1164.38 1547.31 2183.53 
791.628 1264.08 832.457 -2270.39 975.812 -2222.62 -979.353 412.425 -1495.61 -1145.88 128.864 -1008.01 698.576 -1016.72 393.663 -414.228 -2257.16 1039.38 -2192.77 1352.64 -372.332 -29.5358 -1192.53 1996.01 -906.722 603.429 -395.897 -2028.61 2007.89 202.695 2977.62 
-59.1268 53.7614 3.39472 24.9424 31.2828 -48.3206 -25.1559 -45.2193 0.726561 84.5729 1.32761 -4.60704 0.887952 -0.490773 -33.8543 -8.28572 -1.98768 -37.5125 -42.8622 -52.2361 17.0175 -20.3774 28.3082 -20.4997 19.979 -57.6168 1.58346 30.7309 -36.1006 -20.7695 0.494416 
-42.0114 7.52484 -2.51447 89.0355 -13.0105 68.2341 -42.873 2.18176 -45.2225 -54.8298 -9.49571 -5.42402 75.1631 47.5865 -18.5937 -34.1885 -25.9281 11.7703 -43.6055 1.65076 -12.4004 37.421 75.4811 35.6433 11.823 -1.38933 52.583 -4.78003 -24.3109 -1.61228 -18.4394 
-2.9622 -2.39856 15.3545 66.5372 37.624 56.9974 -13.1689 14.5844 -2.10141 -9.99871 -28.6989 69.6666 -14.3698 11.5693 31.1823 33.8153 -3.00539 12.8632 46.3711 -2.78735 -22.064 59.0193 -49.9459 -28.732 2.32332 9.53001 3.81285 11.2837 11.8877 31.23 7.88061 
-14.9938 -54.4656 -24.8612 -20.2562 7.23149 6.26545 -19.7105 -33.6975 -11.0368 -4.86525 24.2701 24.3629 31.0108 44.6306 -15.1561 -16.3119 -3.32375 0.958763 8.77452 59.4763 -52.5378 -84.079 6.35963 -20.9753 26.799 25.597 26.8371 -7.44322 -20.9977 -10.7188 -51.4132 
26.7829 -38.6121 -8.26269 2.80477 1.69628 3.03208 13.8569 -32.4511 41.1179 5.85122 16.0385 -27.7087 27.6794 -7.70581 11.0065 -63.0902 18.2946 5.31986 28.8564 15.131 53.9513 -6.26394 -53.2825 -5.51091 6.17129 17.5574 -14.8993 -16.3724 3.8436 -68.6651 -25.4723 
34.97 1.42443 -24.2995 -16.7827 17.7406 -26.2634 20.0263 41.9792 4.83226 -27.6148 -2.44864 -5.01178 62.1461 -45.2139 10.3369 23.3381 23.9233 -32.2679 74.5148 18.2579 23.2021 33.5678 4.68472 -14.3087 -22.4638 46.936 -9.13453 32.5057 -28.2655 3.53607 78.2729 
-18.5714 -10.7057 25.8414 6.93415 48.3568 2.91041 -42.4299 -2.83407 12.4879 20.0112 3.77482 -45.7304 3.80392 -14.4337 62.1374 -45.4709 -31.71 -12.757 -7.7304 0.0616171 -34.473 -28.5347 51.875 3.7095 42.5952 -2.46869 -4.03482 5.27643 -0.823809 23.7946 28.0395 
51.3988 -3.72274 -2.59446 -67.3121 -7.07975 39.8082 3.12321 17.4355 14.5933 48.6381 -24.3488 -21.762 -28.4937 -19.5869 32.8456 -4.73243 44.0783 -3.49232 -8.29662 -10.2098 -0.867685 13.5273 18.6685 -33.407 -67.1817 -30.9611 -25.0602 42.9211 -0.505065 17.7297 5.07786 
1.48472 1.67739 -3.62477 3.23364 -58.3598 -29.6375 11.2901 48.8974 -0.282262 -23.2633 7.52716 22.338 -58.4561 24.9667 -2.80455 -29.6629 49.0974 -55.1243 -0.518347 43.0258 1.13052 -10.7665 41.2686 -10.6861 -1.78185 42.2944 -0.00613286 -63.9324 0.13638 -8.08191 26.6693 
-37.7202 4.7936 52.9599 -17.0477 28.2305 -95.5936 -36.2039 4.63126 -22.738 48.7649 -18.7898 35.8871 5.16891 64.2907 39.025 50.6458 -56.2775 8.81307 -12.3393 6.14509 2.68167 21.5589 -24.2923 42.2614 -54.7845 5.0846 18.63 13.5333 -4.50482 49.3666 6.28826 
23.3481 30.2643 -5.29779 -40.6245 -91.1711 50.2325 32.8185 19.9188 -33.5165 2.02174 80.1822 -15.2322 52.3599 10.349 -4.92692 59.579 1.55395 54.8236 5.75767 -29.952 60.3151 -14.9575 -64.3726 43.8129 14.607 25.7571 -21.4989 -21.1421 93.9941 7.58168 -76.0191 
-8.51202 20.9616 5.90354 24.7137 -29.0122 7.92212 23.3156 -48.9294 -3.82181 3.05051 58.8266 20.3239 42.3738 -17.8709 48.0981 -8.13317 34.152 -6.0604 -18.7936 -17.5356 5.68347 -35.3352 77.4175 13.8478 35.2255 28.5612 6.45684 -2.00431 24.508 -19.614 28.9609 
4.37914 32.2568 6.6853 27.7713 -15.1616 1.76182 5.82419 -12.1824 17.2668 45.7388 4.42487 47.269 28.1377 31.9081 -2.78451 -23.7007 -35.5744 2.0082 27.8099 63.4663 -5.41961 -20.8007 22.5785 2.55369 -56.8043 -16.8197 22.3299 -30.552 -7.69422 -30.6111 -6.47136 
20.0901 59.058 46.7689 -65.8983 56.3776 -8.32111 12.7193 51.7037 15.6945 -29.0992 0.918366 -47.2814 1.02784 -22.2351 75.0144 32.8233 26.8867 -0.117792 1.4329 -67.3024 -13.4226 56.8625 -12.3875 -1.49117 -5.11215 -63.6987 -38.9622 30.9165 -1.70665 -22.3459 29.8441 
-21.7734 -7.56926 -6.93555 1.20951 -51.0555 16.3988 14.6957 -19.1685 18.9989 -61.142 43.5344 -5.48837 -40.7824 48.3568 -7.89441 -41.9022 3.14596 2.90185 23.8317 -21.1708 -1.07517 -8.18039 -56.3076 31.3666 -26.7532 16.2838 -10.1819 0.0760716 31.0777 -0.00310423 -61.069 
-2.77148 -69.1752 -65.5523 3.90996 1.32267 -64.811 -20.9039 -10.3563 89.293 1.60738 57.0082 -21.0324 -44.7746 -34.3687 4.6788 9.74981 -10.8496 -19.19 -10.7535 -8.6639 -69.0082 1.11528 -36.9705 -49.0099 -26.8625 0.374737 -12.3898 8.13426 -44.1526 67.3792 -3.92566 
56.2792 19.4077 -32.6357 -25.9834 -14.6293 -20.2156 -31.2195 0.184407 18.7571 -15.7006 9.71657 23.7418 13.9537 -64.7168 2.42018 -25.0826 -4.58045 16.4254 -29.9068 -22.3957 34.9958 8.50484 23.4557 -20.6031 23.9325 0.477147 18.372 11.6104 -23.7008 4.47339 21.4892 
3.63976 -21.8361 -68.4444 -20.0871 -8.87328 -7.58804 -33.4338 63.1658 8.13214 -42.4493 0.0929297 -14.5032 -1.6786 4.54797 -75.9734 41.6721 9.97938 -4.71578 -16.3583 -23.9901 -26.2276 23.1529 23.5737 -1.40126 -6.20329 -22.1264 -9.49785 -13.1373 11.1641 61.688 -0.0525319 
-18.198 28.3371 -1.43384 16.85 62.682 10.7967 -45.8583 -12.3298 -7.04322 -5.34397 45.4883 -46.956 -7.63222 -83.06 -26.5249 3.00454 -45.0592 8.15814 -26.5407 -16.7824 1.15294 -61.4008 22.1028 -17.1427 0.0231304 5.30003 -20.556 5.21894 -29.1075 49.9236 9.15865 
-1.45474 -63.4439 22.503 7.8849 -9.98966 10.213 -13.4653 -20.2694 -12.8479 -25.5486 13.459 -55.1939 27.9209 -57.838 17.9269 -29.8386 -2.21267 -5.94838 -3.59988 40.1239 26.359 18.5275 -16.7869 11.0131 1.103 27.4375 13.3987 -53.3997 -14.1093 -35.1491 -35.5654 
-34.7747 16.0822 -10.8665 -4.28486 0.0465402 -37.0548 7.14848 10.826 6.12366 -53.007 -9.72002 17.9855 -15.9757 23.781 -19.5808 -5.25808 -0.755578 68.5079 -40.0069 -41.6581 36.096 -13.2278 0.0220661 -36.7369 0.156159 -6.95651 -60.6006 83.9428 -18.1082 -67.097 -40.3172 
37.8808 -57.0636 -9.79224 66.9158 -40.6856 13.2425 -4.28985 17.0473 -41.2614 4.50872 23.0712 13.8349 -31.7758 -10.5894 0.0970852 0.407263 -0.659027 -5.94877 19.574 -47.1703 2.54185 82.4044 -3.59494 9.51519 -20.3933 -29.2839 -36.9381 40.3989 -25.7213 12.3186 -76.7716 
78.6181 12.4804 3.78735 -62.3176 3.19049 -16.7957 54.0796 -52.4187 -2.67334 0.433687 3.12868 -14.7158 34.3202 0.742958 -27.6187 -0.170716 75.323 -21.6258 -27.4538 16.3181 1.69343 38.836 22.6463 22.1971 -24.5866 -33.4632 -10.8505 50.8212 -12.4937 -35.4843 -16.6211 
-37.4475 3.3007 0.0888887 -32.9936 23.8614 43.4337 -34.7943 -4.74468 -47.4143 -27.271 15.7864 -64.401 -59.7842 6.04062 49.013 -5.66061 -56.7266 4.62606 -23.9755 32.2419 1.26596 -46.9321 -57.9194 2.56266 -41.9221 10.7155 -61.3154 46.3115 32.8766 -62.218 62.3426 
-25.0964 -7.67885 -6.8689 20.5334 33.757 -55.1877 -16.8145 -3.36639 29.4132 -34.8647 10.833 -36.9863 72.4208 54.1768 32.2123 -81.695 -30.3686 -15.2636 -20.9057 -19.6646 -20.2887 24.9074 32.3082 34.1158 29.0785 2.42651 -13.3981 -60.5032 21.7085 51.1856 74.0605 
21.0003 -1.7734 -20.6312 -12.1082 -51.6632 -20.7413 -28.1487 -2.90257 -37.8138 -97.9992 52.4712 53.0888 -0.844596 35.5921 -12.3632 5.50449 -32.4647 4.38459 5.783 -12.1312 -12.3856 25.6865 7.40146 -3.13513 -6.22549 -3.07595 66.0865 0.358483 -77.8163 -26.4977 5.92942 
-10.2739 -8.50918 42.4785 9.21701 -3.5569 15.6718 57.2171 27.2698 2.44102 -29.9805 30.8724 27.1161 -47.6901 -77.4873 -46.4629 30.0018 13.3896 1.43482 -24.0826 64.8365 -62.4375 20.224 4.23721 -54.5655 8.82139 -8.11679 12.9817 -54.5915 15.6376 -49.3234 -53.4067 
-10.965 -20.7201 -41.1139 -1.59177 12.1158 68.5314 -8.44805 32.9865 -11.0401 67.7032 -13.1816 -41.6278 -52.669 -72.8571 -2.43164 39.3303 -6.96812 -14.2175 -8.83153 -18.1104 -31.5747 43.3307 45.0663 17.0845 -12.6798 -22.8356 -8.2102 -50.1927 15.3644 46.5454 -44.9322 
44.769 24.3567 20.2645 65.5371 30.4133 -9.08298 14.274 17.1015 42.1309 -5.49343 -30.0879 14.1624 28.0811 20.0146 -69.3391 -31.5705 24.8571 -4.4468 -39.1341 66.4348 32.4973 -64.385 -75.5453 64.4832 1.63737 35.1348 3.57763 11.5238 -22.593 1.76487 -12.9117 
-5.06082 7.31548 55.5308 16.5458 72.8814 12.8629 16.1935 -49.4044 -8.1736 -2.73527 67.533 5.76085 -56.4692 -48.4684 -5.97031 -17.5407 11.3036 -19.0511 -4.15083 6.43137 -9.08193 15.9437 61.726 -15.6727 35.9204 71.2323 28.7679 4.34463 -48.0033 3.28607 58.3385 
-6.1783 27.5271 12.3755 11.1758 -8.46573 54.1664 5.43127 -10.0919 -21.9952 -4.62715 -59.2949 -22.5802 -58.8108 -16.297 25.4127 -37.7581 26.1655 13.3308 -3.50866 -68.8727 10.4538 23.618 33.5467 14.7655 8.22456 2.73807 26.1289 -51.1109 -51.4634 10.1063 35.1209 
1 0 0 0 0 0 0 0 0 0 0 0 0 0 0 0 0 0 0 0 0 0 0 0 0 0 0 0 0 0 0 
0 1 0 0 0 0 0 0 0 0 0 0 0 0 0 0 0 0 0 0 0 0 0 0 0 0 0 0 0 0 0 
0 0 1 0 0 0 0 0 0 0 0 0 0 0 0 0 0 0 0 0 0 0 0 0 0 0 0 0 0 0 0 
0 0 0 1 0 0 0 0 0 0 0 0 0 0 0 0 0 0 0 0 0 0 0 0 0 0 0 0 0 0 0 
0 0 0 0 1 0 0 0 0 0 0 0 0 0 0 0 0 0 0 0 0 0 0 0 0 0 0 0 0 0 0 
0 0 0 0 0 1 0 0 0 0 0 0 0 0 0 0 0 0 0 0 0 0 0 0 0 0 0 0 0 0 0 
0 0 0 0 0 0 1 0 0 0 0 0 0 0 0 0 0 0 0 0 0 0 0 0 0 0 0 0 0 0 0 
0 0 0 0 0 0 0 1 0 0 0 0 0 0 0 0 0 0 0 0 0 0 0 0 0 0 0 0 0 0 0 
0 0 0 0 0 0 0 0 1 0 0 0 0 0 0 0 0 0 0 0 0 0 0 0 0 0 0 0 0 0 0 
0 0 0 0 0 0 0 0 0 1 0 0 0 0 0 0 0 0 0 0 0 0 0 0 0 0 0 0 0 0 0 
0 0 0 0 0 0 0 0 0 0 1 0 0 0 0 0 0 0 0 0 0 0 0 0 0 0 0 0 0 0 0 
0 0 0 0 0 0 0 0 0 0 0 1 0 0 0 0 0 0 0 0 0 0 0 0 0 0 0 0 0 0 0 
0 0 0 0 0 0 0 0 0 0 0 0 1 0 0 0 0 0 0 0 0 0 0 0 0 0 0 0 0 0 0 
0 0 0 0 0 0 0 0 0 0 0 0 0 1 0 0 0 0 0 0 0 0 0 0 0 0 0 0 0 0 0 
0 0 0 0 0 0 0 0 0 0 0 0 0 0 1 0 0 0 0 0 0 0 0 0 0 0 0 0 0 0 0 
0 0 0 0 0 0 0 0 0 0 0 0 0 0 0 1 0 0 0 0 0 0 0 0 0 0 0 0 0 0 0 
0 0 0 0 0 0 0 0 0 0 0 0 0 0 0 0 1 0 0 0 0 0 0 0 0 0 0 0 0 0 0 
0 0 0 0 0 0 0 0 0 0 0 0 0 0 0 0 0 1 0 0 0 0 0 0 0 0 0 0 0 0 0 
4.44 4.44 4.44 4.44 4.44 4.44 4.44 4.44 4.44 4.44 4.44 4.44 4.44 4.44 4.44 4.44 4.44 4.44 4.44 4.44 4.44 4.44 4.44 4.44 4.44 4.44 4.44 4.44 4.44 4.44 4.44 
4.44 4.44 4.44 4.44 4.44 4.44 4.44 4.44 4.44 4.44 4.44 4.44 4.44 4.44 4.44 4.44 4.44 4.44 4.44 4.44 4.44 4.44 4.44 4.44 4.44 4.44 4.44 4.44 4.44 4.44 4.44 
4.44 4.44 4.44 4.44 4.44 4.44 4.44 4.44 4.44 4.44 4.44 4.44 4.44 4.44 4.44 4.44 4.44 4.44 4.44 4.44 4.44 4.44 4.44 4.44 4.44 4.44 4.44 4.44 4.44 4.44 4.44 
4.44 4.44 4.44 4.44 4.44 4.44 4.44 4.44 4.44 4.44 4.44 4.44 4.44 4.44 4.44 4.44 4.44 4.44 4.44 4.44 4.44 4.44 4.44 4.44 4.44 4.44 4.44 4.44 4.44 4.44 4.44 
4.44 4.44 4.44 4.44 4.44 4.44 4.44 4.44 4.44 4.44 4.44 4.44 4.44 4.44 4.44 4.44 4.44 4.44 4.44 4.44 4.44 4.44 4.44 4.44 4.44 4.44 4.44 4.44 4.44 4.44 4.44 
4.44 4.44 4.44 4.44 4.44 4.44 4.44 4.44 4.44 4.44 4.44 4.44 4.44 4.44 4.44 4.44 4.44 4.44 4.44 4.44 4.44 4.44 4.44 4.44 4.44 4.44 4.44 4.44 4.44 4.44 4.44 
4.44 4.44 4.44 4.44 4.44 4.44 4.44 4.44 4.44 4.44 4.44 4.44 4.44 4.44 4.44 4.44 4.44 4.44 4.44 4.44 4.44 4.44 4.44 4.44 4.44 4.44 4.44 4.44 4.44 4.44 4.44 
4.44 4.44 4.44 4.44 4.44 4.44 4.44 4.44 4.44 4.44 4.44 4.44 4.44 4.44 4.44 4.44 4.44 4.44 4.44 4.44 4.44 4.44 4.44 4.44 4.44 4.44 4.44 4.44 4.44 4.44 4.44 
4.44 4.44 4.44 4.44 4.44 4.44 4.44 4.44 4.44 4.44 4.44 4.44 4.44 4.44 4.44 4.44 4.44 4.44 4.44 4.44 4.44 4.44 4.44 4.44 4.44 4.44 4.44 4.44 4.44 4.44 4.44 
4.44 4.44 4.44 4.44 4.44 4.44 4.44 4.44 4.44 4.44 4.44 4.44 4.44 4.44 4.44 4.44 4.44 4.44 4.44 4.44 4.44 4.44 4.44 4.44 4.44 4.44 4.44 4.44 4.44 4.44 4.44 
4.44 4.44 4.44 4.44 4.44 4.44 4.44 4.44 4.44 4.44 4.44 4.44 4.44 4.44 4.44 4.44 4.44 4.44 4.44 4.44 4.44 4.44 4.44 4.44 4.44 4.44 4.44 4.44 4.44 4.44 4.44 
4.44 4.44 4.44 4.44 4.44 4.44 4.44 4.44 4.44 4.44 4.44 4.44 4.44 4.44 4.44 4.44 4.44 4.44 4.44 4.44 4.44 4.44 4.44 4.44 4.44 4.44 4.44 4.44 4.44 4.44 4.44 
4.44 4.44 4.44 4.44 4.44 4.44 4.44 4.44 4.44 4.44 4.44 4.44 4.44 4.44 4.44 4.44 4.44 4.44 4.44 4.44 4.44 4.44 4.44 4.44 4.44 4.44 4.44 4.44 4.44 4.44 4.44 
4.44 4.44 4.44 4.44 4.44 4.44 4.44 4.44 4.44 4.44 4.44 4.44 4.44 4.44 4.44 4.44 4.44 4.44 4.44 4.44 4.44 4.44 4.44 4.44 4.44 4.44 4.44 4.44 4.44 4.44 4.44 
4.44 4.44 4.44 4.44 4.44 4.44 4.44 4.44 4.44 4.44 4.44 4.44 4.44 4.44 4.44 4.44 4.44 4.44 4.44 4.44 4.44 4.44 4.44 4.44 4.44 4.44 4.44 4.44 4.44 4.44 4.44 
4.44 4.44 4.44 4.44 4.44 4.44 4.44 4.44 4.44 4.44 4.44 4.44 4.44 4.44 4.44 4.44 4.44 4.44 4.44 4.44 4.44 4.44 4.44 4.44 4.44 4.44 4.44 4.44 4.44 4.44 4.44 
4.44 4.44 4.44 4.44 4.44 4.44 4.44 4.44 4.44 4.44 4.44 4.44 4.44 4.44 4.44 4.44 4.44 4.44 4.44 4.44 4.44 4.44 4.44 4.44 4.44 4.44 4.44 4.44 4.44 4.44 4.44 
4.44 4.44 4.44 4.44 4.44 4.44 4.44 4.44 4.44 4.44 4.44 4.44 4.44 4.44 4.44 4.44 4.44 4.44 4.44 4.44 4.44 4.44 4.44 4.44 4.44 4.44 4.44 4.44 4.44 4.44 4.44 
4.44 4.44 4.44 4.44 4.44 4.44 4.44 4.44 4.44 4.44 4.44 4.44 4.44 4.44 4.44 4.44 4.44 4.44 4.44 4.44 4.44 4.44 4.44 4.44 4.44 4.44 4.44 4.44 4.44 4.44 4.44 
4.44 4.44 4.44 4.44 4.44 4.44 4.44 4.44 4.44 4.44 4.44 4.44 4.44 4.44 4.44 4.44 4.44 4.44 4.44 4.44 4.44 4.44 4.44 4.44 4.44 4.44 4.44 4.44 4.44 4.44 4.44 
4.44 4.44 4.44 4.44 4.44 4.44 4.44 4.44 4.44 4.44 4.44 4.44 4.44 4.44 4.44 4.44 4.44 4.44 4.44 4.44 4.44 4.44 4.44 4.44 4.44 4.44 4.44 4.44 4.44 4.44 4.44 
4.44 4.44 4.44 4.44 4.44 4.44 4.44 4.44 4.44 4.44 4.44 4.44 4.44 4.44 4.44 4.44 4.44 4.44 4.44 4.44 4.44 4.44 4.44 4.44 4.44 4.44 4.44 4.44 4.44 4.44 4.44 
4.44 4.44 4.44 4.44 4.44 4.44 4.44 4.44 4.44 4.44 4.44 4.44 4.44 4.44 4.44 4.44 4.44 4.44 4.44 4.44 4.44 4.44 4.44 4.44 4.44 4.44 4.44 4.44 4.44 4.44 4.44 
4.44 4.44 4.44 4.44 4.44 4.44 4.44 4.44 4.44 4.44 4.44 4.44 4.44 4.44 4.44 4.44 4.44 4.44 4.44 4.44 4.44 4.44 4.44 4.44 4.44 4.44 4.44 4.44 4.44 4.44 4.44 
4.44 4.44 4.44 4.44 4.44 4.44 4.44 4.44 4.44 4.44 4.44 4.44 4.44 4.44 4.44 4.44 4.44 4.44 4.44 4.44 4.44 4.44 4.44 4.44 4.44 4.44 4.44 4.44 4.44 4.44 4.44 
4.44 4.44 4.44 4.44 4.44 4.44 4.44 4.44 4.44 4.44 4.44 4.44 4.44 4.44 4.44 4.44 4.44 4.44 4.44 4.44 4.44 4.44 4.44 4.44 4.44 4.44 4.44 4.44 4.44 4.44 4.44 
4.44 4.44 4.44 4.44 4.44 4.44 4.44 4.44 4.44 4.44 4.44 4.44 4.44 4.44 4.44 4.44 4.44 4.44 4.44 4.44 4.44 4.44 4.44 4.44 4.44 4.44 4.44 4.44 4.44 4.44 4.44 
4.44 4.44 4.44 4.44 4.44 4.44 4.44 4.44 4.44 4.44 4.44 4.44 4.44 4.44 4.44 4.44 4.44 4.44 4.44 4.44 4.44 4.44 4.44 4.44 4.44 4.44 4.44 4.44 4.44 4.44 4.44 
4.44 4.44 4.44 4.44 4.44 4.44 4.44 4.44 4.44 4.44 4.44 4.44 4.44 4.44 4.44 4.44 4.44 4.44 4.44 4.44 4.44 4.44 4.44 4.44 4.44 4.44 4.44 4.44 4.44 4.44 4.44 
4.44 4.44 4.44 4.44 4.44 4.44 4.44 4.44 4.44 4.44 4.44 4.44 4.44 4.44 4.44 4.44 4.44 4.44 4.44 4.44 4.44 4.44 4.44 4.44 4.44 4.44 4.44 4.44 4.44 4.44 4.44 
4.44 4.44 4.44 4.44 4.44 4.44 4.44 4.44 4.44 4.44 4.44 4.44 4.44 4.44 4.44 4.44 4.44 4.44 4.44 4.44 4.44 4.44 4.44 4.44 4.44 4.44 4.44 4.44 4.44 4.44 4.44 

