0 -1651.63 -944.236 210.935 1192.18 886.643 -196.963 -352.559 555.014 127.022 -1141.62 789.758 -552.305 -601.236 1035.27 -276.287 444.801 -230.686 -1141.33 -414.353 -37.26 -238.269 1415.01 28.058 -431.246 0 
0 912.994 683.672 465.788 -1504.02 -41.36 874.076 -1407 515.729 -140.535 24.407 208.751 -1516.66 1518.98 1577.39 -765.932 -1026.41 -916.368 602.309 1006.3 -1131.43 100.872 1357 -905.5 -738.466 0 
0 -319.973 207.066 158.333 -886.956 929.832 1684.21 -1425.64 -748.506 -143.624 115.762 1619.68 4.513 -157.802 -173.296 -575.947 51.117 -874.668 -546.887 463.799 1067.55 391.807 -891.982 465.119 -743.671 0 
0 1213.64 -365.866 -1120.96 27.901 938.374 1253.21 -1250.89 272.855 -122.685 34.936 1176.83 -1041.78 -1213.56 -211.784 535.502 172.143 1219.3 798.98 -1544.5 -478.393 1638.6 -64.7326 -1959.31 -57.6602 0 
0 530.721 -161.514 -565.565 547.783 597.47 -328.069 135.963 -869.242 -1341.49 1494.78 761.497 -1513.51 451.46 1676.83 489.935 -1656.67 -1621.22 215.161 211.373 551.404 -552.713 554.761 1870.29 -18.4399 0 
0 -570.595 9.6594 345.132 640.755 -828.635 -868.665 339.708 -524.363 -966.158 -217.62 458.604 1752.4 586.103 -1359.63 -1325.79 1458.05 1514.22 -435.18 -81.503 186.339 -194.082 61.315 523.242 116.489 0 
0 -339.435 -887.6 100.626 1214.44 -909.067 -680.347 1419.78 230.906 -1168.97 -884.653 -367.223 91.063 502.468 966.581 -666.708 -1353.93 561.697 444.641 1069.75 1266.32 -869.349 -1144.57 -707.004 -615.052 0 
0 -1016.35 163.073 774.401 -644.378 -72.978 -531.248 -670.058 326.989 1693.65 -835.037 -467.781 -2.26501 -63.391 598.121 627.611 256.393 -803.809 376.477 -550.067 -973.194 -483.858 -205.551 1316.17 862.775 0 
0 407.193 1703.72 393.528 25.325 -349.133 -1885.33 1312.94 648.889 -123.001 716.621 251.349 428.785 -1406.9 -1794.76 1447.94 1567.73 -1152.67 -922.049 1114.37 -713.127 -1524.04 1405.9 977.85 -1270.22 0 
0 -679.34 334.004 1594.04 -1036.33 -1557.94 1662 1181.21 -1425.68 530.842 -143.156 -22.305 1115.53 -1202.71 80.321 -41.557 -439.077 438.068 603.474 581.817 -1395.74 -221.515 991.87 360.663 -328.683 0 
0 -487.989 380.409 -474.395 -1152.31 1058.63 345.939 205.935 1147.27 -1854.28 -980.733 814.157 -453.108 616.148 -409.049 -883.442 3.07904 -247.788 1411.76 1439.65 177.949 -1200.85 -746.201 594.681 810.339 0 
0 361.493 -385.38 913.643 -397.964 -585.956 -164.763 -1167.22 595.042 860.905 -763.351 375.485 778.484 -34.137 260.593 -205.169 -273.345 -113.41 -89.365 51.1488 -341.849 545.729 74.134 -31.464 -814.669 0 
0 366.253 -379.585 -1682.51 35.0747 1500.74 999.803 -302.814 -1393.51 -757.625 599.177 365.372 814.818 654.467 -378.03 444.476 316.291 -95.223 -422.593 -516.678 189.065 -398.067 -308.29 577.276 280.739 0 
0 -673.567 -639.116 377.972 564.424 264.369 -740.358 -1195.51 1004.8 -304.584 -1143.95 -403.996 43.074 1949.69 453.106 -652.196 545.997 565.327 -545.587 -1678.11 62.2281 -127.151 -1028.83 361.608 1550.72 0 
0 -799.021 859.963 -605.784 586.29 1772.29 -1059.88 -1426.53 289.416 226.818 129.846 312.678 -827.145 179.817 187.567 443.85 -211.334 112.131 589.468 -824.334 -594.807 1090.36 -279.701 -938.89 79.021 0 
0 -567.622 -12.5082 -227.36 752.966 1108.7 7.94904 -395.299 209.02 993.302 -1567.52 -1344.48 1289.89 1159.68 -1247.33 156.491 157.124 -1218.97 751.543 1196.16 -182.263 -1295.84 851.643 -434.077 -1524.16 0 
0 -851.378 902.886 811.967 -1276.6 219.893 -252.663 -521.248 1381.62 -1043.26 -47.939 288.089 -93.518 250.329 -729.903 515.617 -15.248 -274.289 21.083 348.041 -479.53 531.817 260.788 -922.961 -218.829 0 
0 909.64 -1676.21 22.788 1001.36 -63.377 822.644 -1816.32 -938.123 951.176 402.983 -1048.93 -1357.24 787.139 1449.74 -214.031 -1229.63 -324.629 -34.259 211.901 1411.1 432.674 -41.144 496.433 -457.138 0 
0 12.571 1278.55 613.51 -735.46 -874.13 494.025 1075.13 -242.721 603.104 361.936 -948.264 -1461.65 137.926 123.006 -638.67 -134.979 1400.22 1562.21 156.445 -614.446 -1003.35 645.25 714.251 -1573.13 0 
0 -991.054 -639.629 -251.9 317.722 -33.834 -646.725 485.878 154.65 -803.366 -185.843 545.366 -33.721 -752.087 1679.78 113.468 -944.83 238.059 -938.971 715.151 1534.03 470.893 308.488 -1227.9 -1368.93 0 
0 -259.51 412.497 835.984 379.807 -574.528 -87.895 744.596 425.789 234.106 -1375.63 -154.67 451.666 -859.281 62.665 -785.907 -742.028 732.301 1795.57 122.184 -459.944 -290.387 -531.509 933.041 -391.617 0 
0 -298.363 -586.899 -11.048 326.997 -168.966 179.296 -571.956 -857.849 132.695 207.678 448.804 1047.63 -434.701 -24.428 -554.598 -1138.2 281.827 673.278 -218.289 -780.031 14.778 365.852 885.527 1052.36 0 
0 546.856 -1003.1 926.539 356.651 228.692 -389.915 -1295.94 1128.48 364.957 -170.372 547.793 -1240.2 28.732 901.556 451.795 -683.456 -853.777 560.926 -501.552 417.51 1076.88 -909.974 77.721 261.993 0 
0 -407.186 -1572.19 230.539 677.719 423.251 -428.481 515.141 -17.069 -876.567 1538.77 197.46 -1292.87 718.451 998.368 -429.053 -1091.49 -705.881 258.599 261.343 396.553 874.687 -1136.61 -1075.65 1611.68 0 
0 244.376 -772.049 168.045 321.519 -232.928 -810.12 319.047 210.696 1157.78 735.308 -1673.29 -991.763 1437.33 1293.98 -76.743 174.588 302.042 -1572.78 -1683.65 816.908 1780.46 261.202 27.339 -507.615 0 
0 1248.03 1656.72 -1441.25 -1040.44 1261.38 65.1991 -194.383 1004.09 -301.625 -1419.4 197.611 1255.85 -948.538 -83.617 655.609 -1178.49 -895.18 714.226 -12.691 705.485 1093.79 -617.063 -978.752 124.359 0 
