0 0 0 0 0 0 0 0 0 0 0 0 0 0 0 0 0 0 0 0 0 0 0 0 0 0 
1263.5 -283.622 -843.415 726.491 132.92 -2.43399 1096.56 -97.515 -942.918 379.221 -444.456 29.024 -194.488 1240.62 -922.201 566.985 -684.715 10.846 291.761 -364.721 142.146 -961.839 362.735 492.117 1012.69 -1730.16 
1167.56 -806.518 854.886 60.541 -482.212 1460.12 189.61 -1215.64 -1230.67 122.437 -196.279 1128.91 -352.872 1269.21 -390.486 1113.45 -170.942 -1020.18 -132.335 -145.81 1355.78 521.041 -857.518 -308.438 -1921.39 -736.58 
311.435 282.084 992.683 13.138 819.71 857.187 -1264.75 -663.702 1164.22 -904.978 37.085 1294.9 -672.524 -1100.05 1455.03 -1285.22 1300.31 359.562 -841.85 1024.72 460.941 1046.05 -1060.95 -1364.22 -533.345 74.981 
208.083 1246.29 351.995 -10.583 126.553 -1029.29 -1202.34 224.616 1119.01 1164.85 -350.963 -624.848 183.983 -1796.62 174.945 296.979 -679.363 -51.696 -851.239 1222.18 -753.744 -172.997 434.588 121.539 719.865 771.372 
-1557.6 -633.848 -1080.36 446.134 175.692 -1135.38 1753.14 1019.53 -800.195 1114.16 -340.664 -1551.92 827.853 -275.596 49.71 -524.579 -592.005 166.662 -908.694 -432.619 -1016.25 -85.2286 1562.14 938.835 999.55 1431.83 
-1224.97 -147.011 -805.421 -713.483 496.188 -567.281 -290.994 1261.89 557.389 39.549 -1306.54 1031.62 457.971 1117.76 145.743 -494.747 784.65 1614.98 954.739 -1694.68 -393.807 -714.432 535.669 1001.38 129.715 122.953 
478.186 877.931 -615.543 564.029 -364.158 -406.95 -1611.94 -1807.13 -450.776 -188.894 1252.39 928.852 -782.639 174.274 -969.722 -111.493 127.368 -1325.45 1097.02 -457.116 1244.3 1007.75 -756.967 -348.66 83.655 -17.337 
611.265 -468.374 38.633 1311.97 -1708 1582.84 750.183 317.833 -179.924 24.53 274.6 -802.1 -900.169 -1133.79 -1525.95 -559.59 980.528 -267.026 85.584 405.385 1309.25 502.57 -1292.74 -1084.17 336.994 -145.161 
271.448 -1779.7 553.507 -1209.94 -1472.35 209.368 849.008 1268.64 68.795 235.894 672.247 453.801 1032.43 96.014 -289.531 1845.67 217.54 186.15 638.054 -226.116 -331.812 -780.11 693.405 51.854 -494.651 398.682 
653.028 -559.664 -277.967 -1806.44 1238.56 -1453.13 -728.064 -572.509 -161.117 -1888.37 116.342 -632.214 370.383 1028.84 1663.92 -474.457 -210.189 -641.121 685.749 -615.097 65.322 -129.583 92.582 28.107 410.308 46.7893 
382.141 644.379 79.175 709.175 1109.47 923.916 258.002 250.712 -272.883 -336.88 -1933.86 -321.348 -893.965 1121.37 928.363 -995.365 -1108.32 495.748 34.171 302.514 349.025 76.277 -9.59796 692.096 62.307 -798.014 
-229.351 1302.27 -814.674 1789.15 158.547 694.062 1097.1 -1055.77 -388.578 1163.11 383.754 -243.732 -398.196 -490.625 -1945.72 270.276 -1459.58 892.954 -128.92 1251.92 -975.139 837.434 758.494 6.347 -1334.37 -696.17 
-530.172 -600.114 -124.706 64.221 -643.345 -700.613 -1209.07 -913.065 115.122 851.413 1687.96 -498.188 944.791 -886.834 -1017.52 626.061 204.633 -743.806 -1149.2 -582.603 -1800.64 569.265 -372.257 -528.705 47.924 -539.315 
-269.481 -1181.17 60.669 -343.938 -574.633 142.108 421.505 237.332 837.571 -948.505 473.668 935.352 454.081 -253.886 938.132 1195.13 564.427 -1665.18 -637.189 -1236.4 -226.711 -333.912 -73.3572 1091.64 1183.26 975.936 
558.555 1633.51 332.178 -1084.63 672.553 -416.468 423.369 -440.395 270.237 -130.704 -735.456 -796.509 -914.192 -831.281 649.289 -1411.44 -0.854996 1640.24 -481.383 1399.68 407.148 -1065.07 -563.402 914.527 448.408 388.942 
952.07 -543.762 995.861 -569.324 -631.819 -980.286 -1677.13 479.29 -570.475 31.32 397.339 73.9525 -1078.46 367.499 562.966 -241.37 -705.685 1554.16 719.326 1708.04 1106.84 -1377.22 -865.63 -653.151 489.966 -1153.18 
467.77 -183.252 91.6605 533.322 -470.339 1029.01 595.257 477.94 740.818 -1068.81 523.453 1672.31 438.147 -65.34 -155.798 1513.51 -420.576 -628.719 1128.67 -509.911 -79.265 -202.212 -573.317 -1751.23 -943.67 -256.594 
-571.093 1635.44 911.819 946.006 1530.21 187.303 10.337 -263.712 -213.207 628.135 -940.053 529.486 1067.99 -279.971 -1484.05 -491.443 307.356 -276.143 -1140.75 -559.968 -1388.23 68.645 1721.02 -891.368 -1226.8 1150.94 
-131.452 -1320.71 810.966 -97.391 1154.88 31.03 -482.685 -472.315 -198.638 -501.16 -989.182 -1176.58 -717.501 964.06 955.616 -961.519 -244.552 -184.19 326.316 391.339 1235.9 -292.933 665.42 1720.51 630.451 -8.09201 
-4.90698 -480.963 -1544.72 -172.237 -777.422 -131.07 1103.33 -341.771 -136.827 356.163 34.843 -403.362 689.567 -461.738 1574.68 -366.336 998.669 629.02 -60.544 435.379 1417.76 268.142 -1346.75 1151.52 -374.208 -1318.7 
-1455.38 1443.18 -471.499 -485.946 -1301.03 -325.689 140.669 217.91 419.855 486.31 1413.01 498.264 324.489 -314.685 -911.331 1252.33 -14.069 -455.355 -1154.94 -1137.62 91.743 -75.401 739.185 -524.072 -88.091 -555.8 
-1322.55 -41.474 946.441 -1164.22 924.872 331.972 -546.168 561.159 -605.632 -860.78 872.635 373.797 -1588.1 831.191 -162.438 -104.524 -732.139 -1056.75 1263.7 -968.764 -13.246 1360.71 1396.3 -439.028 1259.93 1649.68 
207.911 -1628.09 -1268.38 333.944 609.902 612.964 95.213 242.508 -167.827 -667.528 -1141.47 -665.843 -828.154 1222.64 945.055 -450.801 1390.03 256.313 -148.692 922.963 231.367 588.135 -1205.94 -152.129 -830.681 749.829 
364.11 -395.346 -589.802 1194.34 -691.548 1153.85 803.501 433.451 1002.78 -207.429 -268.428 -1453.47 1461.5 -594.106 -1153.21 -2.01501 129.477 126.59 -399.498 -356.531 -215.108 -1304.88 -1055.56 -705.239 -944.58 -1572.25 
0 0 0 0 0 0 0 0 0 0 0 0 0 0 0 0 0 0 0 0 0 0 0 0 0 0 
